2023-11-11 22:51:22.092  INFO  [main] c.m.SinkFinder - 规则路径：/Users/medi0cr1ty/IdeaProjects/SinkFinder/rules.json
2023-11-11 22:51:22.096  INFO  [main] c.m.SinkFinder - 目标分析路径: /Users/medi0cr1ty/IdeaProjects/SinkFinder/.
2023-11-11 22:51:22.149  INFO  [main] c.m.SinkFinder - 递归查找深度：1 
path黑名单：[AndroidSDK, .idea, resources, java\bin, META-INF] 
jar包白名单：[*] 
jar包黑名单：[spring-boot, logback, lombok, META-INF, log4j, slf4j, spring-context, spring-aop, spring-bean, tomcat-embed-core, spring-web, mysql-connector-java, antlr-, commons-] 
class白名单：[*] 
class黑名单：[logback, lombok, org.springframework.boot.loader] 
sink规则：[RCE - High : [java.lang.Runtime:exec, java.lang.ProcessBuilder:<init>, java.lang.ProcessBuilder:start, javax.script.ScriptEngine:eval, javax.swing.plaf.synth.SynthLookAndFeel:load], UNSERIALIZE - High : [java.io.ObjectInputStream:readObject, java.io.ObjectInputStream:readUnshared, org.yaml.snakeyaml.Yaml:load], XML - High : [com.thoughtworks.xstream.XStream:fromXML, org.apache.xmlrpc.parser.XmlRpcRequestParser:startElement, java.beans.XMLDecoder:readObject, org.apache.xml.security.transforms.Transforms:performTransforms], JNDI - High : [javax.naming.InitialContext:doLookup, javax.naming.InitialContext:lookup], AuthBypass - High : [javax.servlet.http.HttpServletRequest:getRequestURI, javax.servlet.http.HttpServletRequest:getRequestURL], SSTI - High : [org.apache.velocity.app.Velocity:evaluate], SPEL - High : [org.springframework.expression.spel.standard.SpelExpression:getValue], JDBC - High : [com.mysql.cj.jdbc.result.ResultSetImpl:getObject, java.sql.DriverManager:getConnection, java.sql.Driver:connect], ZIPSLIP - High : [java.util.zip.ZipInputStream:close], DynamicInvoke - High : [java.lang.reflect.Constructor:newInstance, java.lang.reflect.Method:invoke], Fastjson - Medium : [com.alibaba.fastjson.JSON:parseObject, com.alibaba.fastjson.JSON:parse], XXE - Medium : [javax.xml.parsers.DocumentBuilder:parse, javax.xml.parsers.SAXParser:parse, com.sun.org.apache.xerces.internal.parsers.DOMParser:parse, org.dom4j.io.SAXReader:read, org.xml.sax.XMLReader:parse, org.jdom2.input.SAXBuilder:build, org.apache.commons.digester3.Digester:parse, org.dom4j.DocumentHelper:parseText, org.apache.poi.xssf.usermodel.XSSFWorkbook:<init>], SSRF - Medium : [java.net.URL:openConnection, java.net.URL:openStream, org.apache.http.client.fluent.Request:Get, javax.imageio.ImageIO:read, com.squareup.okhttp.OkHttpClient:newCall, org.apache.http.impl.client.CloseableHttpClient:execute, org.jsoup.Jsoup:connect, org.apache.commons.io.IOUtils:toByteArray]]
2023-11-11 22:51:22.149  INFO  [main] c.m.SinkFinder - SinkFinder 启动 ...
2023-11-11 22:51:22.182  INFO  [main] c.m.s.InsnAnalysis - java.lang.Runtime:exec规则开始执行...
2023-11-11 22:51:22.204  INFO  [main] c.m.s.InsnAnalysis - java.lang.ProcessBuilder:<init>规则开始执行...
2023-11-11 22:51:22.217  INFO  [main] c.m.s.InsnAnalysis - java.lang.ProcessBuilder:start规则开始执行...
2023-11-11 22:51:22.220  INFO  [main] c.m.s.InsnAnalysis - javax.script.ScriptEngine:eval规则开始执行...
2023-11-11 22:51:22.228  INFO  [main] c.m.s.InsnAnalysis - javax.swing.plaf.synth.SynthLookAndFeel:load规则开始执行...
2023-11-11 22:51:22.232  INFO  [main] c.m.s.InsnAnalysis - java.io.ObjectInputStream:readObject规则开始执行...
2023-11-11 22:51:22.235  INFO  [main] c.m.s.InsnAnalysis - java.io.ObjectInputStream:readUnshared规则开始执行...
2023-11-11 22:51:22.238  INFO  [main] c.m.s.InsnAnalysis - org.yaml.snakeyaml.Yaml:load规则开始执行...
2023-11-11 22:51:22.242  INFO  [main] c.m.s.InsnAnalysis - com.thoughtworks.xstream.XStream:fromXML规则开始执行...
2023-11-11 22:51:22.243  INFO  [main] c.m.s.InsnAnalysis - org.apache.xmlrpc.parser.XmlRpcRequestParser:startElement规则开始执行...
2023-11-11 22:51:22.247  INFO  [main] c.m.s.InsnAnalysis - java.beans.XMLDecoder:readObject规则开始执行...
2023-11-11 22:51:22.249  INFO  [main] c.m.s.InsnAnalysis - org.apache.xml.security.transforms.Transforms:performTransforms规则开始执行...
2023-11-11 22:51:22.251  INFO  [main] c.m.s.InsnAnalysis - javax.naming.InitialContext:doLookup规则开始执行...
2023-11-11 22:51:22.253  INFO  [main] c.m.s.InsnAnalysis - javax.naming.InitialContext:lookup规则开始执行...
2023-11-11 22:51:22.256  INFO  [main] c.m.s.InsnAnalysis - javax.servlet.http.HttpServletRequest:getRequestURI规则开始执行...
2023-11-11 22:51:22.266  INFO  [main] c.m.s.InsnAnalysis - javax.servlet.http.HttpServletRequest:getRequestURL规则开始执行...
2023-11-11 22:51:22.268  INFO  [main] c.m.s.InsnAnalysis - org.apache.velocity.app.Velocity:evaluate规则开始执行...
2023-11-11 22:51:22.270  INFO  [main] c.m.s.InsnAnalysis - org.springframework.expression.spel.standard.SpelExpression:getValue规则开始执行...
2023-11-11 22:51:22.273  INFO  [main] c.m.s.InsnAnalysis - com.mysql.cj.jdbc.result.ResultSetImpl:getObject规则开始执行...
2023-11-11 22:51:22.274  INFO  [main] c.m.s.InsnAnalysis - java.sql.DriverManager:getConnection规则开始执行...
2023-11-11 22:51:22.276  INFO  [main] c.m.s.InsnAnalysis - java.sql.Driver:connect规则开始执行...
2023-11-11 22:51:22.277  INFO  [main] c.m.s.InsnAnalysis - java.util.zip.ZipInputStream:close规则开始执行...
2023-11-11 22:51:22.279  INFO  [main] c.m.s.InsnAnalysis - java.lang.reflect.Constructor:newInstance规则开始执行...
2023-11-11 22:51:22.280  INFO  [main] c.m.s.InsnAnalysis - java.lang.reflect.Method:invoke规则开始执行...
2023-11-11 22:51:22.281  INFO  [main] c.m.s.InsnAnalysis - com.alibaba.fastjson.JSON:parseObject规则开始执行...
2023-11-11 22:51:22.282  INFO  [main] c.m.s.InsnAnalysis - com.alibaba.fastjson.JSON:parse规则开始执行...
2023-11-11 22:51:22.283  INFO  [main] c.m.s.InsnAnalysis - javax.xml.parsers.DocumentBuilder:parse规则开始执行...
2023-11-11 22:51:22.285  INFO  [main] c.m.s.InsnAnalysis - javax.xml.parsers.SAXParser:parse规则开始执行...
2023-11-11 22:51:22.286  INFO  [main] c.m.s.InsnAnalysis - com.sun.org.apache.xerces.internal.parsers.DOMParser:parse规则开始执行...
2023-11-11 22:51:22.287  INFO  [main] c.m.s.InsnAnalysis - org.dom4j.io.SAXReader:read规则开始执行...
2023-11-11 22:51:22.288  INFO  [main] c.m.s.InsnAnalysis - org.xml.sax.XMLReader:parse规则开始执行...
2023-11-11 22:51:22.289  INFO  [main] c.m.s.InsnAnalysis - org.jdom2.input.SAXBuilder:build规则开始执行...
2023-11-11 22:51:22.291  INFO  [main] c.m.s.InsnAnalysis - org.apache.commons.digester3.Digester:parse规则开始执行...
2023-11-11 22:51:22.293  INFO  [main] c.m.s.InsnAnalysis - org.dom4j.DocumentHelper:parseText规则开始执行...
2023-11-11 22:51:22.294  INFO  [main] c.m.s.InsnAnalysis - org.apache.poi.xssf.usermodel.XSSFWorkbook:<init>规则开始执行...
2023-11-11 22:51:22.296  INFO  [main] c.m.s.InsnAnalysis - java.net.URL:openConnection规则开始执行...
2023-11-11 22:51:22.297  INFO  [main] c.m.s.InsnAnalysis - java.net.URL:openStream规则开始执行...
2023-11-11 22:51:22.298  INFO  [main] c.m.s.InsnAnalysis - org.apache.http.client.fluent.Request:Get规则开始执行...
2023-11-11 22:51:22.299  INFO  [main] c.m.s.InsnAnalysis - javax.imageio.ImageIO:read规则开始执行...
2023-11-11 22:51:22.301  INFO  [main] c.m.s.InsnAnalysis - com.squareup.okhttp.OkHttpClient:newCall规则开始执行...
2023-11-11 22:51:22.302  INFO  [main] c.m.s.InsnAnalysis - org.apache.http.impl.client.CloseableHttpClient:execute规则开始执行...
2023-11-11 22:51:22.303  INFO  [main] c.m.s.InsnAnalysis - org.jsoup.Jsoup:connect规则开始执行...
2023-11-11 22:51:22.304  INFO  [main] c.m.s.InsnAnalysis - org.apache.commons.io.IOUtils:toByteArray规则开始执行...
2023-11-11 22:51:22.307  INFO  [main] c.m.SinkFinder - 共找到 0 条路径 

2023-11-11 22:51:22.308  INFO  [main] c.m.SinkFinder - 任务完成！
